Apache Maven 3.5.3 (3383c37e1f9e9b3bc3df5050c29c8aff9f295297; 2018-02-25T03:49:05+08:00)
Maven home: D:\ProgramFiles\apache-maven-3.5.3
Java version: 1.8.0_171, vendor: Oracle Corporation
Java home: D:\ProgramFiles\Jdk1.8\jre
Default locale: zh_CN, platform encoding: GBK
OS name: "windows 10", version: "10.0", arch: "amd64", family: "windows"
[DEBUG] Created new class realm maven.api
[DEBUG] Importing foreign packages into class realm maven.api
[DEBUG]   Imported: javax.annotation.* < plexus.core
[DEBUG]   Imported: javax.annotation.security.* < plexus.core
[DEBUG]   Imported: javax.enterprise.inject.* < plexus.core
[DEBUG]   Imported: javax.enterprise.util.* < plexus.core
[DEBUG]   Imported: javax.inject.* < plexus.core
[DEBUG]   Imported: org.apache.maven.* < plexus.core
[DEBUG]   Imported: org.apache.maven.artifact < plexus.core
[DEBUG]   Imported: org.apache.maven.classrealm < plexus.core
[DEBUG]   Imported: org.apache.maven.cli < plexus.core
[DEBUG]   Imported: org.apache.maven.configuration < plexus.core
[DEBUG]   Imported: org.apache.maven.exception < plexus.core
[DEBUG]   Imported: org.apache.maven.execution < plexus.core
[DEBUG]   Imported: org.apache.maven.execution.scope < plexus.core
[DEBUG]   Imported: org.apache.maven.lifecycle < plexus.core
[DEBUG]   Imported: org.apache.maven.model < plexus.core
[DEBUG]   Imported: org.apache.maven.monitor < plexus.core
[DEBUG]   Imported: org.apache.maven.plugin < plexus.core
[DEBUG]   Imported: org.apache.maven.profiles < plexus.core
[DEBUG]   Imported: org.apache.maven.project < plexus.core
[DEBUG]   Imported: org.apache.maven.reporting < plexus.core
[DEBUG]   Imported: org.apache.maven.repository < plexus.core
[DEBUG]   Imported: org.apache.maven.rtinfo < plexus.core
[DEBUG]   Imported: org.apache.maven.settings < plexus.core
[DEBUG]   Imported: org.apache.maven.toolchain < plexus.core
[DEBUG]   Imported: org.apache.maven.usability < plexus.core
[DEBUG]   Imported: org.apache.maven.wagon.* < plexus.core
[DEBUG]   Imported: org.apache.maven.wagon.authentication < plexus.core
[DEBUG]   Imported: org.apache.maven.wagon.authorization < plexus.core
[DEBUG]   Imported: org.apache.maven.wagon.events < plexus.core
[DEBUG]   Imported: org.apache.maven.wagon.observers < plexus.core
[DEBUG]   Imported: org.apache.maven.wagon.proxy < plexus.core
[DEBUG]   Imported: org.apache.maven.wagon.repository < plexus.core
[DEBUG]   Imported: org.apache.maven.wagon.resource < plexus.core
[DEBUG]   Imported: org.codehaus.classworlds < plexus.core
[DEBUG]   Imported: org.codehaus.plexus.* < plexus.core
[DEBUG]   Imported: org.codehaus.plexus.classworlds < plexus.core
[DEBUG]   Imported: org.codehaus.plexus.component < plexus.core
[DEBUG]   Imported: org.codehaus.plexus.configuration < plexus.core
[DEBUG]   Imported: org.codehaus.plexus.container < plexus.core
[DEBUG]   Imported: org.codehaus.plexus.context < plexus.core
[DEBUG]   Imported: org.codehaus.plexus.lifecycle < plexus.core
[DEBUG]   Imported: org.codehaus.plexus.logging < plexus.core
[DEBUG]   Imported: org.codehaus.plexus.personality < plexus.core
[DEBUG]   Imported: org.codehaus.plexus.util.xml.Xpp3Dom < plexus.core
[DEBUG]   Imported: org.codehaus.plexus.util.xml.pull.XmlPullParser < plexus.core
[DEBUG]   Imported: org.codehaus.plexus.util.xml.pull.XmlPullParserException < plexus.core
[DEBUG]   Imported: org.codehaus.plexus.util.xml.pull.XmlSerializer < plexus.core
[DEBUG]   Imported: org.eclipse.aether.* < plexus.core
[DEBUG]   Imported: org.eclipse.aether.artifact < plexus.core
[DEBUG]   Imported: org.eclipse.aether.collection < plexus.core
[DEBUG]   Imported: org.eclipse.aether.deployment < plexus.core
[DEBUG]   Imported: org.eclipse.aether.graph < plexus.core
[DEBUG]   Imported: org.eclipse.aether.impl < plexus.core
[DEBUG]   Imported: org.eclipse.aether.installation < plexus.core
[DEBUG]   Imported: org.eclipse.aether.internal.impl < plexus.core
[DEBUG]   Imported: org.eclipse.aether.metadata < plexus.core
[DEBUG]   Imported: org.eclipse.aether.repository < plexus.core
[DEBUG]   Imported: org.eclipse.aether.resolution < plexus.core
[DEBUG]   Imported: org.eclipse.aether.spi < plexus.core
[DEBUG]   Imported: org.eclipse.aether.transfer < plexus.core
[DEBUG]   Imported: org.eclipse.aether.version < plexus.core
[DEBUG]   Imported: org.fusesource.jansi.* < plexus.core
[DEBUG]   Imported: org.slf4j.* < plexus.core
[DEBUG]   Imported: org.slf4j.helpers.* < plexus.core
[DEBUG]   Imported: org.slf4j.spi.* < plexus.core
[DEBUG] Populating class realm maven.api
[INFO] Error stacktraces are turned on.
[DEBUG] Message scheme: color
[DEBUG] Message styles: debug info warning error success failure strong mojo project
[DEBUG] Reading global settings from D:\ProgramFiles\apache-maven-3.5.3\conf\settings.xml
[DEBUG] Reading user settings from C:\Users\zhangmiao3\.m2\settings.xml
[DEBUG] Reading global toolchains from D:\ProgramFiles\apache-maven-3.5.3\conf\toolchains.xml
[DEBUG] Reading user toolchains from C:\Users\zhangmiao3\.m2\toolchains.xml
[DEBUG] Using local repository at C:\Users\zhangmiao3\.m2\repository
[DEBUG] Using manager EnhancedLocalRepositoryManager with priority 10.0 for C:\Users\zhangmiao3\.m2\repository
[INFO] Scanning for projects...
[DEBUG] Extension realms for project com.atguigu:ssm-crud:war:0.0.1-SNAPSHOT: (none)
[DEBUG] Looking up lifecycle mappings for packaging war from ClassRealm[plexus.core, parent: null]
[DEBUG] Resolving plugin prefix dependency from [org.apache.maven.plugins, org.codehaus.mojo]
[DEBUG] Resolved plugin prefix dependency to org.apache.maven.plugins:maven-dependency-plugin from POM com.atguigu:ssm-crud:war:0.0.1-SNAPSHOT
[DEBUG] === REACTOR BUILD PLAN ================================================
[DEBUG] Project: com.atguigu:ssm-crud:war:0.0.1-SNAPSHOT
[DEBUG] Tasks:   [compile, dependency:tree]
[DEBUG] Style:   Regular
[DEBUG] =======================================================================
[INFO] 
[INFO] ------------------------< com.atguigu:ssm-crud >------------------------
[INFO] Building ssm-crud 0.0.1-SNAPSHOT
[INFO] --------------------------------[ war ]---------------------------------
[DEBUG] Lifecycle default -> [validate, initialize, generate-sources, process-sources, generate-resources, process-resources, compile, process-classes, generate-test-sources, process-test-sources, generate-test-resources, process-test-resources, test-compile, process-test-classes, test, prepare-package, package, pre-integration-test, integration-test, post-integration-test, verify, install, deploy]
[DEBUG] Lifecycle clean -> [pre-clean, clean, post-clean]
[DEBUG] Lifecycle site -> [pre-site, site, post-site, site-deploy]
[DEBUG] Resolving plugin prefix dependency from [org.apache.maven.plugins, org.codehaus.mojo]
[DEBUG] Resolved plugin prefix dependency to org.apache.maven.plugins:maven-dependency-plugin from POM com.atguigu:ssm-crud:war:0.0.1-SNAPSHOT
[DEBUG] Lifecycle default -> [validate, initialize, generate-sources, process-sources, generate-resources, process-resources, compile, process-classes, generate-test-sources, process-test-sources, generate-test-resources, process-test-resources, test-compile, process-test-classes, test, prepare-package, package, pre-integration-test, integration-test, post-integration-test, verify, install, deploy]
[DEBUG] Lifecycle clean -> [pre-clean, clean, post-clean]
[DEBUG] Lifecycle site -> [pre-site, site, post-site, site-deploy]
[DEBUG] Lifecycle default -> [validate, initialize, generate-sources, process-sources, generate-resources, process-resources, compile, process-classes, generate-test-sources, process-test-sources, generate-test-resources, process-test-resources, test-compile, process-test-classes, test, prepare-package, package, pre-integration-test, integration-test, post-integration-test, verify, install, deploy]
[DEBUG] Lifecycle clean -> [pre-clean, clean, post-clean]
[DEBUG] Lifecycle site -> [pre-site, site, post-site, site-deploy]
[DEBUG] Lifecycle default -> [validate, initialize, generate-sources, process-sources, generate-resources, process-resources, compile, process-classes, generate-test-sources, process-test-sources, generate-test-resources, process-test-resources, test-compile, process-test-classes, test, prepare-package, package, pre-integration-test, integration-test, post-integration-test, verify, install, deploy]
[DEBUG] Lifecycle clean -> [pre-clean, clean, post-clean]
[DEBUG] Lifecycle site -> [pre-site, site, post-site, site-deploy]
[DEBUG] === PROJECT BUILD PLAN ================================================
[DEBUG] Project:       com.atguigu:ssm-crud:0.0.1-SNAPSHOT
[DEBUG] Dependencies (collect): []
[DEBUG] Dependencies (resolve): [compile, test]
[DEBUG] Repositories (dependencies): [repo (http://mvn.hz.netease.com/artifactory/repo, default, releases), snapshots (http://mvn.hz.netease.com/artifactory/snapshots-only, default, releases+snapshots), central (https://repo.maven.apache.org/maven2, default, releases)]
[DEBUG] Repositories (plugins)     : [central (http://mvn.hz.netease.com/artifactory/repo, default, releases), snapshots (http://mvn.hz.netease.com/artifactory/repo, default, releases+snapshots)]
[DEBUG] -----------------------------------------------------------------------
[DEBUG] Goal:          org.apache.maven.plugins:maven-resources-plugin:2.6:resources (default-resources)
[DEBUG] Style:         Regular
[DEBUG] Configuration: <?xml version="1.0" encoding="UTF-8"?>
<configuration>
  <buildFilters default-value="${project.build.filters}"/>
  <encoding default-value="${project.build.sourceEncoding}">${encoding}</encoding>
  <escapeString>${maven.resources.escapeString}</escapeString>
  <escapeWindowsPaths default-value="true">${maven.resources.escapeWindowsPaths}</escapeWindowsPaths>
  <includeEmptyDirs default-value="false">${maven.resources.includeEmptyDirs}</includeEmptyDirs>
  <outputDirectory default-value="${project.build.outputDirectory}"/>
  <overwrite default-value="false">${maven.resources.overwrite}</overwrite>
  <project default-value="${project}"/>
  <resources default-value="${project.resources}"/>
  <session default-value="${session}"/>
  <supportMultiLineFiltering default-value="false">${maven.resources.supportMultiLineFiltering}</supportMultiLineFiltering>
  <useBuildFilters default-value="true"/>
  <useDefaultDelimiters default-value="true"/>
</configuration>
[DEBUG] -----------------------------------------------------------------------
[DEBUG] Goal:          org.apache.maven.plugins:maven-compiler-plugin:3.1:compile (default-compile)
[DEBUG] Style:         Regular
[DEBUG] Configuration: <?xml version="1.0" encoding="UTF-8"?>
<configuration>
  <basedir default-value="${basedir}"/>
  <buildDirectory default-value="${project.build.directory}"/>
  <classpathElements default-value="${project.compileClasspathElements}"/>
  <compileSourceRoots default-value="${project.compileSourceRoots}"/>
  <compilerId default-value="javac">${maven.compiler.compilerId}</compilerId>
  <compilerReuseStrategy default-value="${reuseCreated}">${maven.compiler.compilerReuseStrategy}</compilerReuseStrategy>
  <compilerVersion>${maven.compiler.compilerVersion}</compilerVersion>
  <debug default-value="true">${maven.compiler.debug}</debug>
  <debuglevel>${maven.compiler.debuglevel}</debuglevel>
  <encoding default-value="${project.build.sourceEncoding}">${encoding}</encoding>
  <executable>${maven.compiler.executable}</executable>
  <failOnError default-value="true">${maven.compiler.failOnError}</failOnError>
  <forceJavacCompilerUse default-value="false">${maven.compiler.forceJavacCompilerUse}</forceJavacCompilerUse>
  <fork default-value="false">${maven.compiler.fork}</fork>
  <generatedSourcesDirectory default-value="${project.build.directory}/generated-sources/annotations"/>
  <maxmem>${maven.compiler.maxmem}</maxmem>
  <meminitial>${maven.compiler.meminitial}</meminitial>
  <mojoExecution>${mojoExecution}</mojoExecution>
  <optimize default-value="false">${maven.compiler.optimize}</optimize>
  <outputDirectory default-value="${project.build.outputDirectory}"/>
  <projectArtifact default-value="${project.artifact}"/>
  <showDeprecation default-value="false">${maven.compiler.showDeprecation}</showDeprecation>
  <showWarnings default-value="false">${maven.compiler.showWarnings}</showWarnings>
  <skipMain>${maven.main.skip}</skipMain>
  <skipMultiThreadWarning default-value="false">${maven.compiler.skipMultiThreadWarning}</skipMultiThreadWarning>
  <source default-value="1.5">${maven.compiler.source}</source>
  <staleMillis default-value="0">${lastModGranularityMs}</staleMillis>
  <target default-value="1.5">${maven.compiler.target}</target>
  <useIncrementalCompilation default-value="true">${maven.compiler.useIncrementalCompilation}</useIncrementalCompilation>
  <verbose default-value="false">${maven.compiler.verbose}</verbose>
  <mavenSession default-value="${session}"/>
  <session default-value="${session}"/>
</configuration>
[DEBUG] -----------------------------------------------------------------------
[DEBUG] Goal:          org.apache.maven.plugins:maven-dependency-plugin:2.8:tree (default-cli)
[DEBUG] Style:         Regular
[DEBUG] Configuration: <?xml version="1.0" encoding="UTF-8"?>
<configuration>
  <appendOutput default-value="false">${appendOutput}</appendOutput>
  <excludes>${excludes}</excludes>
  <includes>${includes}</includes>
  <localRepository default-value="${localRepository}"/>
  <output>${output}</output>
  <outputFile>${outputFile}</outputFile>
  <outputType default-value="text">${outputType}</outputType>
  <scope>${scope}</scope>
  <skip default-value="false">${skip}</skip>
  <tokens default-value="standard">${tokens}</tokens>
  <verbose default-value="false">${verbose}</verbose>
  <project default-value="${project}"/>
</configuration>
[DEBUG] =======================================================================
[DEBUG] Dependency collection stats: {ConflictMarker.analyzeTime=496207, ConflictMarker.markTime=229680, ConflictMarker.nodeCount=48, ConflictIdSorter.graphTime=280381, ConflictIdSorter.topsortTime=221922, ConflictIdSorter.conflictIdCount=30, ConflictIdSorter.conflictIdCycleCount=0, ConflictResolver.totalTime=2651425, ConflictResolver.conflictItemCount=47, DefaultDependencyCollector.collectTime=90282819, DefaultDependencyCollector.transformTime=5045742}
[DEBUG] com.atguigu:ssm-crud:war:0.0.1-SNAPSHOT
[DEBUG]    com.github.pagehelper:pagehelper:jar:5.0.0:compile
[DEBUG]       com.github.jsqlparser:jsqlparser:jar:0.9.5:compile
[DEBUG]    org.springframework:spring-test:jar:4.3.7.RELEASE:test
[DEBUG]       org.springframework:spring-core:jar:4.3.7.RELEASE:compile
[DEBUG]          commons-logging:commons-logging:jar:1.2:compile
[DEBUG]    org.mybatis.generator:mybatis-generator-core:jar:1.3.5:compile
[DEBUG]    org.springframework:spring-webmvc:jar:4.3.7.RELEASE:compile
[DEBUG]       org.springframework:spring-aop:jar:4.3.7.RELEASE:compile
[DEBUG]       org.springframework:spring-beans:jar:4.3.7.RELEASE:compile
[DEBUG]       org.springframework:spring-context:jar:4.3.7.RELEASE:compile
[DEBUG]       org.springframework:spring-expression:jar:4.3.7.RELEASE:compile
[DEBUG]       org.springframework:spring-web:jar:4.3.7.RELEASE:compile
[DEBUG]    com.fasterxml.jackson.core:jackson-databind:jar:2.8.8:compile
[DEBUG]       com.fasterxml.jackson.core:jackson-annotations:jar:2.8.0:compile
[DEBUG]       com.fasterxml.jackson.core:jackson-core:jar:2.8.8:compile
[DEBUG]    org.hibernate:hibernate-validator:jar:5.4.1.Final:compile
[DEBUG]       javax.validation:validation-api:jar:1.1.0.Final:compile
[DEBUG]       org.jboss.logging:jboss-logging:jar:3.3.0.Final:compile
[DEBUG]       com.fasterxml:classmate:jar:1.3.1:compile
[DEBUG]    org.springframework:spring-jdbc:jar:4.3.7.RELEASE:compile
[DEBUG]       org.springframework:spring-tx:jar:4.3.7.RELEASE:compile
[DEBUG]    org.springframework:spring-aspects:jar:4.3.7.RELEASE:compile
[DEBUG]       org.aspectj:aspectjweaver:jar:1.8.9:compile
[DEBUG]    org.mybatis:mybatis:jar:3.4.2:compile
[DEBUG]    org.mybatis:mybatis-spring:jar:1.3.1:compile
[DEBUG]    c3p0:c3p0:jar:0.9.1:compile
[DEBUG]    mysql:mysql-connector-java:jar:5.1.41:compile
[DEBUG]    jstl:jstl:jar:1.2:compile
[DEBUG]    javax.servlet:javax.servlet-api:jar:3.0.1:provided
[DEBUG]    junit:junit:jar:4.12:compile
[INFO] 
[INFO] --- maven-resources-plugin:2.6:resources (default-resources) @ ssm-crud ---
[DEBUG] Dependency collection stats: {ConflictMarker.analyzeTime=129108, ConflictMarker.markTime=73420, ConflictMarker.nodeCount=77, ConflictIdSorter.graphTime=64000, ConflictIdSorter.topsortTime=15238, ConflictIdSorter.conflictIdCount=26, ConflictIdSorter.conflictIdCycleCount=0, ConflictResolver.totalTime=522251, ConflictResolver.conflictItemCount=74, DefaultDependencyCollector.collectTime=85430185, DefaultDependencyCollector.transformTime=848899}
[DEBUG] org.apache.maven.plugins:maven-resources-plugin:jar:2.6:
[DEBUG]    org.apache.maven:maven-plugin-api:jar:2.0.6:compile
[DEBUG]    org.apache.maven:maven-project:jar:2.0.6:compile
[DEBUG]       org.apache.maven:maven-profile:jar:2.0.6:compile
[DEBUG]       org.apache.maven:maven-artifact-manager:jar:2.0.6:compile
[DEBUG]       org.apache.maven:maven-plugin-registry:jar:2.0.6:compile
[DEBUG]    org.apache.maven:maven-core:jar:2.0.6:compile
[DEBUG]       org.apache.maven:maven-plugin-parameter-documenter:jar:2.0.6:compile
[DEBUG]       org.apache.maven.reporting:maven-reporting-api:jar:2.0.6:compile
[DEBUG]          org.apache.maven.doxia:doxia-sink-api:jar:1.0-alpha-7:compile
[DEBUG]       org.apache.maven:maven-repository-metadata:jar:2.0.6:compile
[DEBUG]       org.apache.maven:maven-error-diagnostics:jar:2.0.6:compile
[DEBUG]       commons-cli:commons-cli:jar:1.0:compile
[DEBUG]       org.apache.maven:maven-plugin-descriptor:jar:2.0.6:compile
[DEBUG]       org.codehaus.plexus:plexus-interactivity-api:jar:1.0-alpha-4:compile
[DEBUG]       classworlds:classworlds:jar:1.1:compile
[DEBUG]    org.apache.maven:maven-artifact:jar:2.0.6:compile
[DEBUG]    org.apache.maven:maven-settings:jar:2.0.6:compile
[DEBUG]    org.apache.maven:maven-model:jar:2.0.6:compile
[DEBUG]    org.apache.maven:maven-monitor:jar:2.0.6:compile
[DEBUG]    org.codehaus.plexus:plexus-container-default:jar:1.0-alpha-9-stable-1:compile
[DEBUG]       junit:junit:jar:3.8.1:compile
[DEBUG]    org.codehaus.plexus:plexus-utils:jar:2.0.5:compile
[DEBUG]    org.apache.maven.shared:maven-filtering:jar:1.1:compile
[DEBUG]       org.sonatype.plexus:plexus-build-api:jar:0.0.4:compile
[DEBUG]    org.codehaus.plexus:plexus-interpolation:jar:1.13:compile
[DEBUG] Created new class realm plugin>org.apache.maven.plugins:maven-resources-plugin:2.6
[DEBUG] Importing foreign packages into class realm plugin>org.apache.maven.plugins:maven-resources-plugin:2.6
[DEBUG]   Imported:  < maven.api
[DEBUG] Populating class realm plugin>org.apache.maven.plugins:maven-resources-plugin:2.6
[DEBUG]   Included: org.apache.maven.plugins:maven-resources-plugin:jar:2.6
[DEBUG]   Included: org.apache.maven.reporting:maven-reporting-api:jar:2.0.6
[DEBUG]   Included: org.apache.maven.doxia:doxia-sink-api:jar:1.0-alpha-7
[DEBUG]   Included: commons-cli:commons-cli:jar:1.0
[DEBUG]   Included: org.codehaus.plexus:plexus-interactivity-api:jar:1.0-alpha-4
[DEBUG]   Included: junit:junit:jar:3.8.1
[DEBUG]   Included: org.codehaus.plexus:plexus-utils:jar:2.0.5
[DEBUG]   Included: org.apache.maven.shared:maven-filtering:jar:1.1
[DEBUG]   Included: org.sonatype.plexus:plexus-build-api:jar:0.0.4
[DEBUG]   Included: org.codehaus.plexus:plexus-interpolation:jar:1.13
[DEBUG] Configuring mojo org.apache.maven.plugins:maven-resources-plugin:2.6:resources from plugin realm ClassRealm[plugin>org.apache.maven.plugins:maven-resources-plugin:2.6, parent: sun.misc.Launcher$AppClassLoader@5c647e05]
[DEBUG] Configuring mojo 'org.apache.maven.plugins:maven-resources-plugin:2.6:resources' with basic configurator -->
[DEBUG]   (f) buildFilters = []
[DEBUG]   (f) escapeWindowsPaths = true
[DEBUG]   (s) includeEmptyDirs = false
[DEBUG]   (s) outputDirectory = E:\Demo\SSM_CRUD-master\target\classes
[DEBUG]   (s) overwrite = false
[DEBUG]   (f) project = MavenProject: com.atguigu:ssm-crud:0.0.1-SNAPSHOT @ E:\Demo\SSM_CRUD-master\pom.xml
[DEBUG]   (s) resources = [Resource {targetPath: null, filtering: false, FileSet {directory: E:\Demo\SSM_CRUD-master\src\main\resources, PatternSet [includes: {}, excludes: {}]}}]
[DEBUG]   (f) session = org.apache.maven.execution.MavenSession@1b822fcc
[DEBUG]   (f) supportMultiLineFiltering = false
[DEBUG]   (f) useBuildFilters = true
[DEBUG]   (s) useDefaultDelimiters = true
[DEBUG] -- end configuration --
[DEBUG] properties used {java.vendor=Oracle Corporation, env.SYSTEMROOT=C:\windows, env.MOZ_PLUGIN_PATH=D:\ProgramFiles\FuxinReader\Foxit Reader\plugins\, env.USERDOMAIN_ROAMINGPROFILE=CN, env.DEFLOGDIR=C:\ProgramData\McAfee\Endpoint Security\Logs, sun.java.launcher=SUN_STANDARD, sun.management.compiler=HotSpot 64-Bit Tiered Compilers, env.ONEDRIVE=C:\Users\zhangmiao3\OneDrive, verbose=true, os.name=Windows 10, sun.boot.class.path=D:\ProgramFiles\Jdk1.8\jre\lib\resources.jar;D:\ProgramFiles\Jdk1.8\jre\lib\rt.jar;D:\ProgramFiles\Jdk1.8\jre\lib\sunrsasign.jar;D:\ProgramFiles\Jdk1.8\jre\lib\jsse.jar;D:\ProgramFiles\Jdk1.8\jre\lib\jce.jar;D:\ProgramFiles\Jdk1.8\jre\lib\charsets.jar;D:\ProgramFiles\Jdk1.8\jre\lib\jfr.jar;D:\ProgramFiles\Jdk1.8\jre\classes, env.TMPDIR=C:\Users\ZHANGM~1\AppData\Local\Temp, env.COMPUTERNAME=HIH-D-16124, env.PWD=E:/Demo/SSM_CRUD-master, env.ALLUSERSPROFILE=C:\ProgramData, sun.desktop=windows, env.LANG=zh_CN.UTF-8, java.vm.specification.vendor=Oracle Corporation, java.runtime.version=1.8.0_171-b11, env.HOMEPATH=\Users\zhangmiao3, env.DISPLAY=needs-to-be-defined, user.name=zhangmiao3, maven.build.version=Apache Maven 3.5.3 (3383c37e1f9e9b3bc3df5050c29c8aff9f295297; 2018-02-25T03:49:05+08:00), env.SHELL=D:\ProgramFiles\Git\usr\bin\bash.exe, env.MSYSTEM=MINGW64, env.PATH=C:\Users\zhangmiao3\bin;D:\ProgramFiles\Git\mingw64\bin;D:\ProgramFiles\Git\usr\local\bin;D:\ProgramFiles\Git\usr\bin;D:\ProgramFiles\Git\usr\bin;D:\ProgramFiles\Git\mingw64\bin;D:\ProgramFiles\Git\usr\bin;C:\Users\zhangmiao3\bin;C:\Program Files (x86)\Common Files\Oracle\Java\javapath;C:\windows\system32;C:\windows;C:\windows\System32\Wbem;C:\windows\System32\WindowsPowerShell\v1.0;D:\ProgramFiles\Jdk1.8\bin;D:\ProgramFiles\Jdk1.8\jre\bin;D:\ProgramFiles\apache-maven-3.5.3\bin;D:\ProgramFiles\Git\cmd;D:\ProgramFiles\NodeJs;C:\Users\zhangmiao3\AppData\Local\Microsoft\WindowsApps;C:\Users\zhangmiao3\AppData\Roaming\npm;D:\ProgramFiles\Git\usr\bin\vendor_perl;D:\ProgramFiles\Git\usr\bin\core_perl, user.language=zh, env.EXEPATH=D:\ProgramFiles\Git, env.WINDIR=C:\windows, sun.boot.library.path=D:\ProgramFiles\Jdk1.8\jre\bin, classworlds.conf=D:/ProgramFiles/apache-maven-3.5.3/bin/m2.conf, env.MSYSTEM_CHOST=x86_64-w64-mingw32, java.version=1.8.0_171, env.PROCESSOR_IDENTIFIER=Intel64 Family 6 Model 158 Stepping 10, GenuineIntel, user.timezone=, env.MINGW_PREFIX=D:/ProgramFiles/Git/mingw64, env.TEMP=C:\Users\ZHANGM~1\AppData\Local\Temp, sun.arch.data.model=64, java.endorsed.dirs=D:\ProgramFiles\Jdk1.8\jre\lib\endorsed, sun.cpu.isalist=amd64, env.HOMEDRIVE=C:, sun.jnu.encoding=GBK, file.encoding.pkg=sun.io, env.SHLVL=1, env.SYSTEMDRIVE=C:, file.separator=\, env.HOSTNAME=HIH-D-16124, java.specification.name=Java Platform API Specification, maven.conf=D:/ProgramFiles/apache-maven-3.5.3/conf, java.class.version=52.0, user.country=CN, java.home=D:\ProgramFiles\Jdk1.8\jre, env.APPDATA=C:\Users\zhangmiao3\AppData\Roaming, env.PUBLIC=C:\Users\Public, java.vm.info=mixed mode, env.OS=Windows_NT, os.version=10.0, env.=::=::\, env.CONFIG_SITE=D:/ProgramFiles/Git/mingw64/etc/config.site, path.separator=;, env.ACLOCAL_PATH=D:\ProgramFiles\Git\mingw64\share\aclocal;D:\ProgramFiles\Git\usr\share\aclocal, env.MINGW_PACKAGE_PREFIX=mingw-w64-x86_64, java.vm.version=25.171-b11, user.variant=, env.USERPROFILE=C:\Users\zhangmiao3, env.JAVA_HOME=D:/ProgramFiles/Jdk1.8, java.awt.printerjob=sun.awt.windows.WPrinterJob, env.TERM=xterm, env.TMP=C:\Users\ZHANGM~1\AppData\Local\Temp, env.FPS_BROWSER_USER_PROFILE_STRING=Default, env.PROGRAMFILES=C:\Program Files, sun.io.unicode.encoding=UnicodeLittle, awt.toolkit=sun.awt.windows.WToolkit, user.script=, env.MANPATH=D:\ProgramFiles\Git\mingw64\share\man;D:\ProgramFiles\Git\usr\local\man;D:\ProgramFiles\Git\usr\share\man;D:\ProgramFiles\Git\usr\man;D:\ProgramFiles\Git\share\man, env.ORIGINAL_TMP=C:/Users/ZHANGM~1/AppData/Local/Temp, user.home=C:\Users\zhangmiao3, env.COMMONPROGRAMFILES=C:\Program Files\Common Files, env.OLDPWD=E:/Demo/SSM_CRUD-master, env.SESSIONNAME=Console, java.specification.vendor=Oracle Corporation, env.CLASSPATH=.;D:\ProgramFiles\Jdk1.8\lib;D:\ProgramFiles\Jdk1.8\lib\tools.jar, library.jansi.path=D:/ProgramFiles/apache-maven-3.5.3/lib/jansi-native, java.library.path=D:\ProgramFiles\Jdk1.8\bin;C:\windows\Sun\Java\bin;C:\windows\system32;C:\windows;C:\Users\zhangmiao3\bin;D:\ProgramFiles\Git\mingw64\bin;D:\ProgramFiles\Git\usr\local\bin;D:\ProgramFiles\Git\usr\bin;D:\ProgramFiles\Git\usr\bin;D:\ProgramFiles\Git\mingw64\bin;D:\ProgramFiles\Git\usr\bin;C:\Users\zhangmiao3\bin;C:\Program Files (x86)\Common Files\Oracle\Java\javapath;C:\windows\system32;C:\windows;C:\windows\System32\Wbem;C:\windows\System32\WindowsPowerShell\v1.0;D:\ProgramFiles\Jdk1.8\bin;D:\ProgramFiles\Jdk1.8\jre\bin;D:\ProgramFiles\apache-maven-3.5.3\bin;D:\ProgramFiles\Git\cmd;D:\ProgramFiles\NodeJs;C:\Users\zhangmiao3\AppData\Local\Microsoft\WindowsApps;C:\Users\zhangmiao3\AppData\Roaming\npm;D:\ProgramFiles\Git\usr\bin\vendor_perl;D:\ProgramFiles\Git\usr\bin\core_perl;., java.vendor.url=http://java.oracle.com/, env.NUMBER_OF_PROCESSORS=12, env.COMMONPROGRAMFILES(X86)=C:\Program Files (x86)\Common Files, env.USERDNSDOMAIN=CN.NET.NTES, env.PSMODULEPATH=C:\Program Files\WindowsPowerShell\Modules;C:\windows\system32\WindowsPowerShell\v1.0\Modules, env.MAVEN_CMD_LINE_ARGS= -X compile dependency:tree -Dverbose, java.vm.vendor=Oracle Corporation, maven.home=D:\ProgramFiles\apache-maven-3.5.3, java.runtime.name=Java(TM) SE Runtime Environment, sun.java.command=org.codehaus.plexus.classworlds.launcher.Launcher -X compile dependency:tree -Dverbose, java.class.path=D:/ProgramFiles/apache-maven-3.5.3/boot/plexus-classworlds-2.5.2.jar, env.MSYSTEM_CARCH=x86_64, env.PROGRAMW6432=C:\Program Files, maven.version=3.5.3, env.PROGRAMFILES(X86)=C:\Program Files (x86), java.vm.specification.name=Java Virtual Machine Specification, env.LOGONSERVER=\\HZ-XKDC05, java.vm.specification.version=1.8, env.PROCESSOR_ARCHITECTURE=AMD64, env.COMMONPROGRAMW6432=C:\Program Files\Common Files, sun.cpu.endian=little, sun.os.patch.level=, env.HOME=C:\Users\zhangmiao3, java.io.tmpdir=C:\Users\ZHANGM~1\AppData\Local\Temp\, env.PROCESSOR_REVISION=9e0a, java.vendor.url.bug=http://bugreport.sun.com/bugreport/, maven.multiModuleProjectDirectory=E:/Demo/SSM_CRUD-master, env.ORIGINAL_PATH=D:\ProgramFiles\Git\mingw64\bin;D:\ProgramFiles\Git\usr\bin;C:\Users\zhangmiao3\bin;C:\Program Files (x86)\Common Files\Oracle\Java\javapath;C:\windows\system32;C:\windows;C:\windows\System32\Wbem;C:\windows\System32\WindowsPowerShell\v1.0;D:\ProgramFiles\Jdk1.8\bin;D:\ProgramFiles\Jdk1.8\jre\bin;D:\ProgramFiles\apache-maven-3.5.3\bin;D:\ProgramFiles\Git\cmd;D:\ProgramFiles\NodeJs;C:\Users\zhangmiao3\AppData\Local\Microsoft\WindowsApps;C:\Users\zhangmiao3\AppData\Roaming\npm, env.PROGRAMDATA=C:\ProgramData, env.COMSPEC=C:\windows\system32\cmd.exe, env.FPS_BROWSER_APP_PROFILE_STRING=Internet Explorer, os.arch=amd64, java.awt.graphicsenv=sun.awt.Win32GraphicsEnvironment, env.PLINK_PROTOCOL=ssh, java.ext.dirs=D:\ProgramFiles\Jdk1.8\jre\lib\ext;C:\windows\Sun\Java\lib\ext, env.MINGW_CHOST=x86_64-w64-mingw32, user.dir=E:\Demo\SSM_CRUD-master, env.MAVEN_HOME=D:/ProgramFiles/apache-maven-3.5.3, env.LOCALAPPDATA=C:\Users\zhangmiao3\AppData\Local, env.ORIGINAL_TEMP=C:/Users/ZHANGM~1/AppData/Local/Temp, env.INFOPATH=D:\ProgramFiles\Git\usr\local\info;D:\ProgramFiles\Git\usr\share\info;D:\ProgramFiles\Git\usr\info;D:\ProgramFiles\Git\share\info, line.separator=
, java.vm.name=Java HotSpot(TM) 64-Bit Server VM, env.PATHEXT=.COM;.EXE;.BAT;.CMD;.VBS;.VBE;.JS;.JSE;.WSF;.WSH;.MSC, env.USERNAME=zhangmiao3, file.encoding=GBK, env.MSYSTEM_PREFIX=D:/ProgramFiles/Git/mingw64, env.PKG_CONFIG_PATH=D:\ProgramFiles\Git\mingw64\lib\pkgconfig;D:\ProgramFiles\Git\mingw64\share\pkgconfig, env.USERDOMAIN=CN, java.specification.version=1.8, env.MAVEN_PROJECTBASEDIR=E:/Demo/SSM_CRUD-master, env.PROCESSOR_LEVEL=6, env.SSH_ASKPASS=D:/ProgramFiles/Git/mingw64/libexec/git-core/git-gui--askpass}
[WARNING] Using platform encoding (GBK actually) to copy filtered resources, i.e. build is platform dependent!
[DEBUG] resource with targetPath null
directory E:\Demo\SSM_CRUD-master\src\main\resources
excludes []
includes []
[DEBUG] ignoreDelta true
[INFO] Copying 5 resources
[DEBUG] file applicationContext.xml has a filtered file extension
[DEBUG] copy E:\Demo\SSM_CRUD-master\src\main\resources\applicationContext.xml to E:\Demo\SSM_CRUD-master\target\classes\applicationContext.xml
[DEBUG] file dbconfig.properties has a filtered file extension
[DEBUG] copy E:\Demo\SSM_CRUD-master\src\main\resources\dbconfig.properties to E:\Demo\SSM_CRUD-master\target\classes\dbconfig.properties
[DEBUG] file DepartmentMapper.xml has a filtered file extension
[DEBUG] copy E:\Demo\SSM_CRUD-master\src\main\resources\mapper\DepartmentMapper.xml to E:\Demo\SSM_CRUD-master\target\classes\mapper\DepartmentMapper.xml
[DEBUG] file EmployeeMapper.xml has a filtered file extension
[DEBUG] copy E:\Demo\SSM_CRUD-master\src\main\resources\mapper\EmployeeMapper.xml to E:\Demo\SSM_CRUD-master\target\classes\mapper\EmployeeMapper.xml
[DEBUG] file mybatis-config.xml has a filtered file extension
[DEBUG] copy E:\Demo\SSM_CRUD-master\src\main\resources\mybatis-config.xml to E:\Demo\SSM_CRUD-master\target\classes\mybatis-config.xml
[DEBUG] no use filter components
[INFO] 
[INFO] --- maven-compiler-plugin:3.1:compile (default-compile) @ ssm-crud ---
[DEBUG] Dependency collection stats: {ConflictMarker.analyzeTime=211671, ConflictMarker.markTime=118303, ConflictMarker.nodeCount=160, ConflictIdSorter.graphTime=90321, ConflictIdSorter.topsortTime=30476, ConflictIdSorter.conflictIdCount=43, ConflictIdSorter.conflictIdCycleCount=0, ConflictResolver.totalTime=621714, ConflictResolver.conflictItemCount=63, DefaultDependencyCollector.collectTime=128443113, DefaultDependencyCollector.transformTime=1084950}
[DEBUG] org.apache.maven.plugins:maven-compiler-plugin:jar:3.1:
[DEBUG]    org.apache.maven:maven-plugin-api:jar:2.0.9:compile
[DEBUG]    org.apache.maven:maven-artifact:jar:2.0.9:compile
[DEBUG]       org.codehaus.plexus:plexus-utils:jar:1.5.1:compile
[DEBUG]    org.apache.maven:maven-core:jar:2.0.9:compile
[DEBUG]       org.apache.maven:maven-settings:jar:2.0.9:compile
[DEBUG]       org.apache.maven:maven-plugin-parameter-documenter:jar:2.0.9:compile
[DEBUG]       org.apache.maven:maven-profile:jar:2.0.9:compile
[DEBUG]       org.apache.maven:maven-model:jar:2.0.9:compile
[DEBUG]       org.apache.maven:maven-repository-metadata:jar:2.0.9:compile
[DEBUG]       org.apache.maven:maven-error-diagnostics:jar:2.0.9:compile
[DEBUG]       org.apache.maven:maven-project:jar:2.0.9:compile
[DEBUG]          org.apache.maven:maven-plugin-registry:jar:2.0.9:compile
[DEBUG]       org.apache.maven:maven-plugin-descriptor:jar:2.0.9:compile
[DEBUG]       org.apache.maven:maven-artifact-manager:jar:2.0.9:compile
[DEBUG]       org.apache.maven:maven-monitor:jar:2.0.9:compile
[DEBUG]    org.apache.maven:maven-toolchain:jar:1.0:compile
[DEBUG]    org.apache.maven.shared:maven-shared-utils:jar:0.1:compile
[DEBUG]       com.google.code.findbugs:jsr305:jar:2.0.1:compile
[DEBUG]    org.apache.maven.shared:maven-shared-incremental:jar:1.1:compile
[DEBUG]       org.codehaus.plexus:plexus-component-annotations:jar:1.5.5:compile
[DEBUG]    org.codehaus.plexus:plexus-compiler-api:jar:2.2:compile
[DEBUG]    org.codehaus.plexus:plexus-compiler-manager:jar:2.2:compile
[DEBUG]    org.codehaus.plexus:plexus-compiler-javac:jar:2.2:runtime
[DEBUG]    org.codehaus.plexus:plexus-container-default:jar:1.5.5:compile
[DEBUG]       org.codehaus.plexus:plexus-classworlds:jar:2.2.2:compile
[DEBUG]       org.apache.xbean:xbean-reflect:jar:3.4:compile
[DEBUG]          log4j:log4j:jar:1.2.12:compile
[DEBUG]          commons-logging:commons-logging-api:jar:1.1:compile
[DEBUG]       com.google.collections:google-collections:jar:1.0:compile
[DEBUG]       junit:junit:jar:3.8.2:compile
[DEBUG] Created new class realm plugin>org.apache.maven.plugins:maven-compiler-plugin:3.1
[DEBUG] Importing foreign packages into class realm plugin>org.apache.maven.plugins:maven-compiler-plugin:3.1
[DEBUG]   Imported:  < maven.api
[DEBUG] Populating class realm plugin>org.apache.maven.plugins:maven-compiler-plugin:3.1
[DEBUG]   Included: org.apache.maven.plugins:maven-compiler-plugin:jar:3.1
[DEBUG]   Included: org.codehaus.plexus:plexus-utils:jar:1.5.1
[DEBUG]   Included: org.apache.maven.shared:maven-shared-utils:jar:0.1
[DEBUG]   Included: com.google.code.findbugs:jsr305:jar:2.0.1
[DEBUG]   Included: org.apache.maven.shared:maven-shared-incremental:jar:1.1
[DEBUG]   Included: org.codehaus.plexus:plexus-component-annotations:jar:1.5.5
[DEBUG]   Included: org.codehaus.plexus:plexus-compiler-api:jar:2.2
[DEBUG]   Included: org.codehaus.plexus:plexus-compiler-manager:jar:2.2
[DEBUG]   Included: org.codehaus.plexus:plexus-compiler-javac:jar:2.2
[DEBUG]   Included: org.apache.xbean:xbean-reflect:jar:3.4
[DEBUG]   Included: log4j:log4j:jar:1.2.12
[DEBUG]   Included: commons-logging:commons-logging-api:jar:1.1
[DEBUG]   Included: com.google.collections:google-collections:jar:1.0
[DEBUG]   Included: junit:junit:jar:3.8.2
[DEBUG] Configuring mojo org.apache.maven.plugins:maven-compiler-plugin:3.1:compile from plugin realm ClassRealm[plugin>org.apache.maven.plugins:maven-compiler-plugin:3.1, parent: sun.misc.Launcher$AppClassLoader@5c647e05]
[DEBUG] Configuring mojo 'org.apache.maven.plugins:maven-compiler-plugin:3.1:compile' with basic configurator -->
[DEBUG]   (f) basedir = E:\Demo\SSM_CRUD-master
[DEBUG]   (f) buildDirectory = E:\Demo\SSM_CRUD-master\target
[DEBUG]   (f) classpathElements = [E:\Demo\SSM_CRUD-master\target\classes, C:\Users\zhangmiao3\.m2\repository\com\github\pagehelper\pagehelper\5.0.0\pagehelper-5.0.0.jar, C:\Users\zhangmiao3\.m2\repository\com\github\jsqlparser\jsqlparser\0.9.5\jsqlparser-0.9.5.jar, C:\Users\zhangmiao3\.m2\repository\org\springframework\spring-core\4.3.7.RELEASE\spring-core-4.3.7.RELEASE.jar, C:\Users\zhangmiao3\.m2\repository\commons-logging\commons-logging\1.2\commons-logging-1.2.jar, C:\Users\zhangmiao3\.m2\repository\org\mybatis\generator\mybatis-generator-core\1.3.5\mybatis-generator-core-1.3.5.jar, C:\Users\zhangmiao3\.m2\repository\org\springframework\spring-webmvc\4.3.7.RELEASE\spring-webmvc-4.3.7.RELEASE.jar, C:\Users\zhangmiao3\.m2\repository\org\springframework\spring-aop\4.3.7.RELEASE\spring-aop-4.3.7.RELEASE.jar, C:\Users\zhangmiao3\.m2\repository\org\springframework\spring-beans\4.3.7.RELEASE\spring-beans-4.3.7.RELEASE.jar, C:\Users\zhangmiao3\.m2\repository\org\springframework\spring-context\4.3.7.RELEASE\spring-context-4.3.7.RELEASE.jar, C:\Users\zhangmiao3\.m2\repository\org\springframework\spring-expression\4.3.7.RELEASE\spring-expression-4.3.7.RELEASE.jar, C:\Users\zhangmiao3\.m2\repository\org\springframework\spring-web\4.3.7.RELEASE\spring-web-4.3.7.RELEASE.jar, C:\Users\zhangmiao3\.m2\repository\com\fasterxml\jackson\core\jackson-databind\2.8.8\jackson-databind-2.8.8.jar, C:\Users\zhangmiao3\.m2\repository\com\fasterxml\jackson\core\jackson-annotations\2.8.0\jackson-annotations-2.8.0.jar, C:\Users\zhangmiao3\.m2\repository\com\fasterxml\jackson\core\jackson-core\2.8.8\jackson-core-2.8.8.jar, C:\Users\zhangmiao3\.m2\repository\org\hibernate\hibernate-validator\5.4.1.Final\hibernate-validator-5.4.1.Final.jar, C:\Users\zhangmiao3\.m2\repository\javax\validation\validation-api\1.1.0.Final\validation-api-1.1.0.Final.jar, C:\Users\zhangmiao3\.m2\repository\org\jboss\logging\jboss-logging\3.3.0.Final\jboss-logging-3.3.0.Final.jar, C:\Users\zhangmiao3\.m2\repository\com\fasterxml\classmate\1.3.1\classmate-1.3.1.jar, C:\Users\zhangmiao3\.m2\repository\org\springframework\spring-jdbc\4.3.7.RELEASE\spring-jdbc-4.3.7.RELEASE.jar, C:\Users\zhangmiao3\.m2\repository\org\springframework\spring-tx\4.3.7.RELEASE\spring-tx-4.3.7.RELEASE.jar, C:\Users\zhangmiao3\.m2\repository\org\springframework\spring-aspects\4.3.7.RELEASE\spring-aspects-4.3.7.RELEASE.jar, C:\Users\zhangmiao3\.m2\repository\org\aspectj\aspectjweaver\1.8.9\aspectjweaver-1.8.9.jar, C:\Users\zhangmiao3\.m2\repository\org\mybatis\mybatis\3.4.2\mybatis-3.4.2.jar, C:\Users\zhangmiao3\.m2\repository\org\mybatis\mybatis-spring\1.3.1\mybatis-spring-1.3.1.jar, C:\Users\zhangmiao3\.m2\repository\c3p0\c3p0\0.9.1\c3p0-0.9.1.jar, C:\Users\zhangmiao3\.m2\repository\mysql\mysql-connector-java\5.1.41\mysql-connector-java-5.1.41.jar, C:\Users\zhangmiao3\.m2\repository\jstl\jstl\1.2\jstl-1.2.jar, C:\Users\zhangmiao3\.m2\repository\javax\servlet\javax.servlet-api\3.0.1\javax.servlet-api-3.0.1.jar, C:\Users\zhangmiao3\.m2\repository\junit\junit\4.12\junit-4.12.jar]
[DEBUG]   (f) compileSourceRoots = [E:\Demo\SSM_CRUD-master\src\main\java]
[DEBUG]   (f) compilerId = javac
[DEBUG]   (f) debug = true
[DEBUG]   (f) failOnError = true
[DEBUG]   (f) forceJavacCompilerUse = false
[DEBUG]   (f) fork = false
[DEBUG]   (f) generatedSourcesDirectory = E:\Demo\SSM_CRUD-master\target\generated-sources\annotations
[DEBUG]   (f) mojoExecution = org.apache.maven.plugins:maven-compiler-plugin:3.1:compile {execution: default-compile}
[DEBUG]   (f) optimize = false
[DEBUG]   (f) outputDirectory = E:\Demo\SSM_CRUD-master\target\classes
[DEBUG]   (f) projectArtifact = com.atguigu:ssm-crud:war:0.0.1-SNAPSHOT
[DEBUG]   (f) showDeprecation = false
[DEBUG]   (f) showWarnings = false
[DEBUG]   (f) skipMultiThreadWarning = false
[DEBUG]   (f) source = 1.5
[DEBUG]   (f) staleMillis = 0
[DEBUG]   (f) target = 1.5
[DEBUG]   (f) useIncrementalCompilation = true
[DEBUG]   (f) verbose = false
[DEBUG]   (f) mavenSession = org.apache.maven.execution.MavenSession@1b822fcc
[DEBUG]   (f) session = org.apache.maven.execution.MavenSession@1b822fcc
[DEBUG] -- end configuration --
[DEBUG] Using compiler 'javac'.
[DEBUG] Source directories: [E:\Demo\SSM_CRUD-master\src\main\java]
[DEBUG] Classpath: [E:\Demo\SSM_CRUD-master\target\classes
 C:\Users\zhangmiao3\.m2\repository\com\github\pagehelper\pagehelper\5.0.0\pagehelper-5.0.0.jar
 C:\Users\zhangmiao3\.m2\repository\com\github\jsqlparser\jsqlparser\0.9.5\jsqlparser-0.9.5.jar
 C:\Users\zhangmiao3\.m2\repository\org\springframework\spring-core\4.3.7.RELEASE\spring-core-4.3.7.RELEASE.jar
 C:\Users\zhangmiao3\.m2\repository\commons-logging\commons-logging\1.2\commons-logging-1.2.jar
 C:\Users\zhangmiao3\.m2\repository\org\mybatis\generator\mybatis-generator-core\1.3.5\mybatis-generator-core-1.3.5.jar
 C:\Users\zhangmiao3\.m2\repository\org\springframework\spring-webmvc\4.3.7.RELEASE\spring-webmvc-4.3.7.RELEASE.jar
 C:\Users\zhangmiao3\.m2\repository\org\springframework\spring-aop\4.3.7.RELEASE\spring-aop-4.3.7.RELEASE.jar
 C:\Users\zhangmiao3\.m2\repository\org\springframework\spring-beans\4.3.7.RELEASE\spring-beans-4.3.7.RELEASE.jar
 C:\Users\zhangmiao3\.m2\repository\org\springframework\spring-context\4.3.7.RELEASE\spring-context-4.3.7.RELEASE.jar
 C:\Users\zhangmiao3\.m2\repository\org\springframework\spring-expression\4.3.7.RELEASE\spring-expression-4.3.7.RELEASE.jar
 C:\Users\zhangmiao3\.m2\repository\org\springframework\spring-web\4.3.7.RELEASE\spring-web-4.3.7.RELEASE.jar
 C:\Users\zhangmiao3\.m2\repository\com\fasterxml\jackson\core\jackson-databind\2.8.8\jackson-databind-2.8.8.jar
 C:\Users\zhangmiao3\.m2\repository\com\fasterxml\jackson\core\jackson-annotations\2.8.0\jackson-annotations-2.8.0.jar
 C:\Users\zhangmiao3\.m2\repository\com\fasterxml\jackson\core\jackson-core\2.8.8\jackson-core-2.8.8.jar
 C:\Users\zhangmiao3\.m2\repository\org\hibernate\hibernate-validator\5.4.1.Final\hibernate-validator-5.4.1.Final.jar
 C:\Users\zhangmiao3\.m2\repository\javax\validation\validation-api\1.1.0.Final\validation-api-1.1.0.Final.jar
 C:\Users\zhangmiao3\.m2\repository\org\jboss\logging\jboss-logging\3.3.0.Final\jboss-logging-3.3.0.Final.jar
 C:\Users\zhangmiao3\.m2\repository\com\fasterxml\classmate\1.3.1\classmate-1.3.1.jar
 C:\Users\zhangmiao3\.m2\repository\org\springframework\spring-jdbc\4.3.7.RELEASE\spring-jdbc-4.3.7.RELEASE.jar
 C:\Users\zhangmiao3\.m2\repository\org\springframework\spring-tx\4.3.7.RELEASE\spring-tx-4.3.7.RELEASE.jar
 C:\Users\zhangmiao3\.m2\repository\org\springframework\spring-aspects\4.3.7.RELEASE\spring-aspects-4.3.7.RELEASE.jar
 C:\Users\zhangmiao3\.m2\repository\org\aspectj\aspectjweaver\1.8.9\aspectjweaver-1.8.9.jar
 C:\Users\zhangmiao3\.m2\repository\org\mybatis\mybatis\3.4.2\mybatis-3.4.2.jar
 C:\Users\zhangmiao3\.m2\repository\org\mybatis\mybatis-spring\1.3.1\mybatis-spring-1.3.1.jar
 C:\Users\zhangmiao3\.m2\repository\c3p0\c3p0\0.9.1\c3p0-0.9.1.jar
 C:\Users\zhangmiao3\.m2\repository\mysql\mysql-connector-java\5.1.41\mysql-connector-java-5.1.41.jar
 C:\Users\zhangmiao3\.m2\repository\jstl\jstl\1.2\jstl-1.2.jar
 C:\Users\zhangmiao3\.m2\repository\javax\servlet\javax.servlet-api\3.0.1\javax.servlet-api-3.0.1.jar
 C:\Users\zhangmiao3\.m2\repository\junit\junit\4.12\junit-4.12.jar]
[DEBUG] Output directory: E:\Demo\SSM_CRUD-master\target\classes
[DEBUG] CompilerReuseStrategy: reuseCreated
[DEBUG] useIncrementalCompilation enabled
[INFO] Nothing to compile - all classes are up to date
[INFO] 
[INFO] --- maven-dependency-plugin:2.8:tree (default-cli) @ ssm-crud ---
[DEBUG] Dependency collection stats: {ConflictMarker.analyzeTime=400346, ConflictMarker.markTime=114147, ConflictMarker.nodeCount=294, ConflictIdSorter.graphTime=164849, ConflictIdSorter.topsortTime=31861, ConflictIdSorter.conflictIdCount=63, ConflictIdSorter.conflictIdCycleCount=0, ConflictResolver.totalTime=1382232, ConflictResolver.conflictItemCount=166, DefaultDependencyCollector.collectTime=205588217, DefaultDependencyCollector.transformTime=2110889}
[DEBUG] org.apache.maven.plugins:maven-dependency-plugin:jar:2.8:
[DEBUG]    org.apache.maven:maven-artifact:jar:2.0.9:compile
[DEBUG]    org.apache.maven:maven-plugin-api:jar:2.0.9:compile
[DEBUG]    org.apache.maven:maven-project:jar:2.0.9:compile
[DEBUG]       org.apache.maven:maven-settings:jar:2.0.9:compile
[DEBUG]       org.apache.maven:maven-profile:jar:2.0.9:compile
[DEBUG]       org.apache.maven:maven-plugin-registry:jar:2.0.9:compile
[DEBUG]    org.apache.maven:maven-model:jar:2.0.9:compile
[DEBUG]    org.apache.maven:maven-core:jar:2.0.9:compile
[DEBUG]       org.apache.maven:maven-plugin-parameter-documenter:jar:2.0.9:compile
[DEBUG]       org.apache.maven:maven-error-diagnostics:jar:2.0.9:compile
[DEBUG]       commons-cli:commons-cli:jar:1.0:compile
[DEBUG]       org.apache.maven:maven-plugin-descriptor:jar:2.0.9:compile
[DEBUG]       org.codehaus.plexus:plexus-interactivity-api:jar:1.0-alpha-4:compile
[DEBUG]       org.apache.maven:maven-monitor:jar:2.0.9:compile
[DEBUG]    org.apache.maven:maven-artifact-manager:jar:2.0.9:compile
[DEBUG]    org.apache.maven:maven-repository-metadata:jar:2.0.9:compile
[DEBUG]    org.apache.maven.reporting:maven-reporting-api:jar:3.0:compile
[DEBUG]    org.apache.maven.reporting:maven-reporting-impl:jar:2.0.5:compile
[DEBUG]       org.apache.maven.doxia:doxia-core:jar:1.0:compile
[DEBUG]       org.apache.maven.shared:maven-doxia-tools:jar:1.0.2:compile
[DEBUG]          commons-io:commons-io:jar:1.4:compile
[DEBUG]       commons-validator:commons-validator:jar:1.2.0:compile
[DEBUG]          commons-beanutils:commons-beanutils:jar:1.7.0:compile
[DEBUG]          commons-digester:commons-digester:jar:1.6:compile
[DEBUG]          commons-logging:commons-logging:jar:1.0.4:compile
[DEBUG]          oro:oro:jar:2.0.8:compile
[DEBUG]          xml-apis:xml-apis:jar:1.0.b2:compile
[DEBUG]    org.apache.maven.doxia:doxia-sink-api:jar:1.0:compile
[DEBUG]    org.apache.maven.doxia:doxia-site-renderer:jar:1.0:compile
[DEBUG]       org.codehaus.plexus:plexus-i18n:jar:1.0-beta-7:compile
[DEBUG]       org.codehaus.plexus:plexus-velocity:jar:1.1.7:compile
[DEBUG]       org.apache.velocity:velocity:jar:1.5:compile
[DEBUG]       org.apache.maven.doxia:doxia-decoration-model:jar:1.0:compile
[DEBUG]       org.apache.maven.doxia:doxia-module-apt:jar:1.0:compile
[DEBUG]       org.apache.maven.doxia:doxia-module-fml:jar:1.0:compile
[DEBUG]       org.apache.maven.doxia:doxia-module-xdoc:jar:1.0:compile
[DEBUG]       org.apache.maven.doxia:doxia-module-xhtml:jar:1.0:compile
[DEBUG]    org.codehaus.plexus:plexus-archiver:jar:2.3:compile
[DEBUG]    org.codehaus.plexus:plexus-utils:jar:3.0.9:compile
[DEBUG]    org.apache.maven.shared:file-management:jar:1.2.1:compile
[DEBUG]       org.apache.maven.shared:maven-shared-io:jar:1.1:compile
[DEBUG]          org.apache.maven.wagon:wagon-provider-api:jar:1.0-alpha-6:compile
[DEBUG]    org.codehaus.plexus:plexus-container-default:jar:1.0-alpha-9-stable-1:compile
[DEBUG]       junit:junit:jar:3.8.1:compile
[DEBUG]    org.codehaus.plexus:plexus-io:jar:2.0.6:compile
[DEBUG]    org.apache.maven.shared:maven-dependency-analyzer:jar:1.4:compile
[DEBUG]       asm:asm:jar:3.3.1:compile
[DEBUG]       org.codehaus.plexus:plexus-component-annotations:jar:1.5.5:compile
[DEBUG]    org.apache.maven.shared:maven-dependency-tree:jar:2.1:compile
[DEBUG]       org.eclipse.aether:aether-util:jar:0.9.0.M2:compile
[DEBUG]    org.apache.maven.shared:maven-common-artifact-filters:jar:1.4:compile
[DEBUG]    org.apache.maven.shared:maven-invoker:jar:2.0.11:compile
[DEBUG]    commons-lang:commons-lang:jar:2.6:compile
[DEBUG]    commons-collections:commons-collections:jar:3.2.1:compile
[DEBUG]    classworlds:classworlds:jar:1.1:compile
[DEBUG] Created new class realm plugin>org.apache.maven.plugins:maven-dependency-plugin:2.8
[DEBUG] Importing foreign packages into class realm plugin>org.apache.maven.plugins:maven-dependency-plugin:2.8
[DEBUG]   Imported:  < maven.api
[DEBUG] Populating class realm plugin>org.apache.maven.plugins:maven-dependency-plugin:2.8
[DEBUG]   Included: org.apache.maven.plugins:maven-dependency-plugin:jar:2.8
[DEBUG]   Included: commons-cli:commons-cli:jar:1.0
[DEBUG]   Included: org.codehaus.plexus:plexus-interactivity-api:jar:1.0-alpha-4
[DEBUG]   Included: org.apache.maven.reporting:maven-reporting-api:jar:3.0
[DEBUG]   Included: org.apache.maven.reporting:maven-reporting-impl:jar:2.0.5
[DEBUG]   Included: org.apache.maven.doxia:doxia-core:jar:1.0
[DEBUG]   Included: org.apache.maven.shared:maven-doxia-tools:jar:1.0.2
[DEBUG]   Included: commons-io:commons-io:jar:1.4
[DEBUG]   Included: commons-validator:commons-validator:jar:1.2.0
[DEBUG]   Included: commons-beanutils:commons-beanutils:jar:1.7.0
[DEBUG]   Included: commons-digester:commons-digester:jar:1.6
[DEBUG]   Included: commons-logging:commons-logging:jar:1.0.4
[DEBUG]   Included: oro:oro:jar:2.0.8
[DEBUG]   Included: xml-apis:xml-apis:jar:1.0.b2
[DEBUG]   Included: org.apache.maven.doxia:doxia-sink-api:jar:1.0
[DEBUG]   Included: org.apache.maven.doxia:doxia-site-renderer:jar:1.0
[DEBUG]   Included: org.codehaus.plexus:plexus-i18n:jar:1.0-beta-7
[DEBUG]   Included: org.codehaus.plexus:plexus-velocity:jar:1.1.7
[DEBUG]   Included: org.apache.velocity:velocity:jar:1.5
[DEBUG]   Included: org.apache.maven.doxia:doxia-decoration-model:jar:1.0
[DEBUG]   Included: org.apache.maven.doxia:doxia-module-apt:jar:1.0
[DEBUG]   Included: org.apache.maven.doxia:doxia-module-fml:jar:1.0
[DEBUG]   Included: org.apache.maven.doxia:doxia-module-xdoc:jar:1.0
[DEBUG]   Included: org.apache.maven.doxia:doxia-module-xhtml:jar:1.0
[DEBUG]   Included: org.codehaus.plexus:plexus-archiver:jar:2.3
[DEBUG]   Included: org.codehaus.plexus:plexus-utils:jar:3.0.9
[DEBUG]   Included: org.apache.maven.shared:file-management:jar:1.2.1
[DEBUG]   Included: org.apache.maven.shared:maven-shared-io:jar:1.1
[DEBUG]   Included: junit:junit:jar:3.8.1
[DEBUG]   Included: org.codehaus.plexus:plexus-io:jar:2.0.6
[DEBUG]   Included: org.apache.maven.shared:maven-dependency-analyzer:jar:1.4
[DEBUG]   Included: asm:asm:jar:3.3.1
[DEBUG]   Included: org.codehaus.plexus:plexus-component-annotations:jar:1.5.5
[DEBUG]   Included: org.apache.maven.shared:maven-dependency-tree:jar:2.1
[DEBUG]   Included: org.eclipse.aether:aether-util:jar:0.9.0.M2
[DEBUG]   Included: org.apache.maven.shared:maven-common-artifact-filters:jar:1.4
[DEBUG]   Included: org.apache.maven.shared:maven-invoker:jar:2.0.11
[DEBUG]   Included: commons-lang:commons-lang:jar:2.6
[DEBUG]   Included: commons-collections:commons-collections:jar:3.2.1
[DEBUG] Configuring mojo org.apache.maven.plugins:maven-dependency-plugin:2.8:tree from plugin realm ClassRealm[plugin>org.apache.maven.plugins:maven-dependency-plugin:2.8, parent: sun.misc.Launcher$AppClassLoader@5c647e05]
[DEBUG] Configuring mojo 'org.apache.maven.plugins:maven-dependency-plugin:2.8:tree' with basic configurator -->
[DEBUG]   (f) appendOutput = false
[DEBUG]   (f) localRepository =       id: local
      url: file:///C:/Users/zhangmiao3/.m2/repository/
   layout: default
snapshots: [enabled => true, update => always]
 releases: [enabled => true, update => always]

[DEBUG]   (f) outputType = text
[DEBUG]   (s) skip = false
[DEBUG]   (f) tokens = standard
[DEBUG]   (f) verbose = true
[DEBUG]   (f) project = MavenProject: com.atguigu:ssm-crud:0.0.1-SNAPSHOT @ E:\Demo\SSM_CRUD-master\pom.xml
[DEBUG] -- end configuration --
[DEBUG] Dependency tree resolution listener events:
[DEBUG] testArtifact: artifact=com.atguigu:ssm-crud:war:0.0.1-SNAPSHOT
[DEBUG] includeArtifact: artifact=com.atguigu:ssm-crud:war:0.0.1-SNAPSHOT
[DEBUG] startProcessChildren: artifact=com.atguigu:ssm-crud:war:0.0.1-SNAPSHOT
[DEBUG]   testArtifact: artifact=com.github.pagehelper:pagehelper:jar:5.0.0:compile
[DEBUG]   includeArtifact: artifact=com.github.pagehelper:pagehelper:jar:5.0.0:compile
[DEBUG]   startProcessChildren: artifact=com.github.pagehelper:pagehelper:jar:5.0.0:compile
[DEBUG]     testArtifact: artifact=com.github.jsqlparser:jsqlparser:jar:0.9.5:compile
[DEBUG]     includeArtifact: artifact=com.github.jsqlparser:jsqlparser:jar:0.9.5:compile
[DEBUG]     startProcessChildren: artifact=com.github.jsqlparser:jsqlparser:jar:0.9.5:compile
[DEBUG]     endProcessChildren: artifact=com.github.jsqlparser:jsqlparser:jar:0.9.5:compile
[DEBUG]   endProcessChildren: artifact=com.github.pagehelper:pagehelper:jar:5.0.0:compile
[DEBUG]   testArtifact: artifact=org.springframework:spring-test:jar:4.3.7.RELEASE:test
[DEBUG]   includeArtifact: artifact=org.springframework:spring-test:jar:4.3.7.RELEASE:test
[DEBUG]   startProcessChildren: artifact=org.springframework:spring-test:jar:4.3.7.RELEASE:test
[DEBUG]     testArtifact: artifact=org.springframework:spring-core:jar:4.3.7.RELEASE:test
[DEBUG]     includeArtifact: artifact=org.springframework:spring-core:jar:4.3.7.RELEASE:test
[DEBUG]     startProcessChildren: artifact=org.springframework:spring-core:jar:4.3.7.RELEASE:test
[DEBUG]       testArtifact: artifact=commons-logging:commons-logging:jar:1.2:test
[DEBUG]       includeArtifact: artifact=commons-logging:commons-logging:jar:1.2:test
[DEBUG]       startProcessChildren: artifact=commons-logging:commons-logging:jar:1.2:test
[DEBUG]       endProcessChildren: artifact=commons-logging:commons-logging:jar:1.2:test
[DEBUG]     endProcessChildren: artifact=org.springframework:spring-core:jar:4.3.7.RELEASE:test
[DEBUG]   endProcessChildren: artifact=org.springframework:spring-test:jar:4.3.7.RELEASE:test
[DEBUG]   testArtifact: artifact=org.mybatis.generator:mybatis-generator-core:jar:1.3.5:compile
[DEBUG]   includeArtifact: artifact=org.mybatis.generator:mybatis-generator-core:jar:1.3.5:compile
[DEBUG]   startProcessChildren: artifact=org.mybatis.generator:mybatis-generator-core:jar:1.3.5:compile
[DEBUG]   endProcessChildren: artifact=org.mybatis.generator:mybatis-generator-core:jar:1.3.5:compile
[DEBUG]   testArtifact: artifact=org.springframework:spring-webmvc:jar:4.3.7.RELEASE:compile
[DEBUG]   includeArtifact: artifact=org.springframework:spring-webmvc:jar:4.3.7.RELEASE:compile
[DEBUG]   startProcessChildren: artifact=org.springframework:spring-webmvc:jar:4.3.7.RELEASE:compile
[DEBUG]     testArtifact: artifact=org.springframework:spring-aop:jar:4.3.7.RELEASE:compile
[DEBUG]     includeArtifact: artifact=org.springframework:spring-aop:jar:4.3.7.RELEASE:compile
[DEBUG]     startProcessChildren: artifact=org.springframework:spring-aop:jar:4.3.7.RELEASE:compile
[DEBUG]       testArtifact: artifact=org.springframework:spring-beans:jar:4.3.7.RELEASE:compile
[DEBUG]       includeArtifact: artifact=org.springframework:spring-beans:jar:4.3.7.RELEASE:compile
[DEBUG]       startProcessChildren: artifact=org.springframework:spring-beans:jar:4.3.7.RELEASE:compile
[DEBUG]         testArtifact: artifact=org.springframework:spring-core:jar:4.3.7.RELEASE:compile
[DEBUG]         updateScope: artifact=org.springframework:spring-core:jar:4.3.7.RELEASE:test, scope=compile
[DEBUG]         omitForNearer: omitted=org.springframework:spring-core:jar:4.3.7.RELEASE:compile kept=org.springframework:spring-core:jar:4.3.7.RELEASE:compile
[DEBUG]         includeArtifact: artifact=org.springframework:spring-core:jar:4.3.7.RELEASE:compile
[DEBUG]         startProcessChildren: artifact=org.springframework:spring-core:jar:4.3.7.RELEASE:compile
[DEBUG]           testArtifact: artifact=commons-logging:commons-logging:jar:1.2:compile
[DEBUG]           includeArtifact: artifact=commons-logging:commons-logging:jar:1.2:compile
[DEBUG]           startProcessChildren: artifact=commons-logging:commons-logging:jar:1.2:compile
[DEBUG]           endProcessChildren: artifact=commons-logging:commons-logging:jar:1.2:compile
[DEBUG]         endProcessChildren: artifact=org.springframework:spring-core:jar:4.3.7.RELEASE:compile
[DEBUG]       endProcessChildren: artifact=org.springframework:spring-beans:jar:4.3.7.RELEASE:compile
[DEBUG]       testArtifact: artifact=org.springframework:spring-core:jar:4.3.7.RELEASE:compile
[DEBUG]       omitForNearer: omitted=org.springframework:spring-core:jar:4.3.7.RELEASE:compile kept=org.springframework:spring-core:jar:4.3.7.RELEASE:compile
[DEBUG]       includeArtifact: artifact=org.springframework:spring-core:jar:4.3.7.RELEASE:compile
[DEBUG]       startProcessChildren: artifact=org.springframework:spring-core:jar:4.3.7.RELEASE:compile
[DEBUG]         testArtifact: artifact=commons-logging:commons-logging:jar:1.2:compile
[DEBUG]         includeArtifact: artifact=commons-logging:commons-logging:jar:1.2:compile
[DEBUG]         startProcessChildren: artifact=commons-logging:commons-logging:jar:1.2:compile
[DEBUG]         endProcessChildren: artifact=commons-logging:commons-logging:jar:1.2:compile
[DEBUG]       endProcessChildren: artifact=org.springframework:spring-core:jar:4.3.7.RELEASE:compile
[DEBUG]     endProcessChildren: artifact=org.springframework:spring-aop:jar:4.3.7.RELEASE:compile
[DEBUG]     testArtifact: artifact=org.springframework:spring-beans:jar:4.3.7.RELEASE:compile
[DEBUG]     omitForNearer: omitted=org.springframework:spring-beans:jar:4.3.7.RELEASE:compile kept=org.springframework:spring-beans:jar:4.3.7.RELEASE:compile
[DEBUG]     includeArtifact: artifact=org.springframework:spring-beans:jar:4.3.7.RELEASE:compile
[DEBUG]     startProcessChildren: artifact=org.springframework:spring-beans:jar:4.3.7.RELEASE:compile
[DEBUG]       testArtifact: artifact=org.springframework:spring-core:jar:4.3.7.RELEASE:compile
[DEBUG]       omitForNearer: omitted=org.springframework:spring-core:jar:4.3.7.RELEASE:compile kept=org.springframework:spring-core:jar:4.3.7.RELEASE:compile
[DEBUG]     endProcessChildren: artifact=org.springframework:spring-beans:jar:4.3.7.RELEASE:compile
[DEBUG]     testArtifact: artifact=org.springframework:spring-context:jar:4.3.7.RELEASE:compile
[DEBUG]     includeArtifact: artifact=org.springframework:spring-context:jar:4.3.7.RELEASE:compile
[DEBUG]     startProcessChildren: artifact=org.springframework:spring-context:jar:4.3.7.RELEASE:compile
[DEBUG]       testArtifact: artifact=org.springframework:spring-aop:jar:4.3.7.RELEASE:compile
[DEBUG]       omitForNearer: omitted=org.springframework:spring-aop:jar:4.3.7.RELEASE:compile kept=org.springframework:spring-aop:jar:4.3.7.RELEASE:compile
[DEBUG]       testArtifact: artifact=org.springframework:spring-beans:jar:4.3.7.RELEASE:compile
[DEBUG]       omitForNearer: omitted=org.springframework:spring-beans:jar:4.3.7.RELEASE:compile kept=org.springframework:spring-beans:jar:4.3.7.RELEASE:compile
[DEBUG]       testArtifact: artifact=org.springframework:spring-core:jar:4.3.7.RELEASE:compile
[DEBUG]       omitForNearer: omitted=org.springframework:spring-core:jar:4.3.7.RELEASE:compile kept=org.springframework:spring-core:jar:4.3.7.RELEASE:compile
[DEBUG]       testArtifact: artifact=org.springframework:spring-expression:jar:4.3.7.RELEASE:compile
[DEBUG]       includeArtifact: artifact=org.springframework:spring-expression:jar:4.3.7.RELEASE:compile
[DEBUG]       startProcessChildren: artifact=org.springframework:spring-expression:jar:4.3.7.RELEASE:compile
[DEBUG]         testArtifact: artifact=org.springframework:spring-core:jar:4.3.7.RELEASE:compile
[DEBUG]         omitForNearer: omitted=org.springframework:spring-core:jar:4.3.7.RELEASE:compile kept=org.springframework:spring-core:jar:4.3.7.RELEASE:compile
[DEBUG]       endProcessChildren: artifact=org.springframework:spring-expression:jar:4.3.7.RELEASE:compile
[DEBUG]     endProcessChildren: artifact=org.springframework:spring-context:jar:4.3.7.RELEASE:compile
[DEBUG]     testArtifact: artifact=org.springframework:spring-core:jar:4.3.7.RELEASE:compile
[DEBUG]     omitForNearer: omitted=org.springframework:spring-core:jar:4.3.7.RELEASE:compile kept=org.springframework:spring-core:jar:4.3.7.RELEASE:compile
[DEBUG]     includeArtifact: artifact=org.springframework:spring-core:jar:4.3.7.RELEASE:compile
[DEBUG]     startProcessChildren: artifact=org.springframework:spring-core:jar:4.3.7.RELEASE:compile
[DEBUG]       testArtifact: artifact=commons-logging:commons-logging:jar:1.2:compile
[DEBUG]       includeArtifact: artifact=commons-logging:commons-logging:jar:1.2:compile
[DEBUG]       startProcessChildren: artifact=commons-logging:commons-logging:jar:1.2:compile
[DEBUG]       endProcessChildren: artifact=commons-logging:commons-logging:jar:1.2:compile
[DEBUG]     endProcessChildren: artifact=org.springframework:spring-core:jar:4.3.7.RELEASE:compile
[DEBUG]     testArtifact: artifact=org.springframework:spring-expression:jar:4.3.7.RELEASE:compile
[DEBUG]     omitForNearer: omitted=org.springframework:spring-expression:jar:4.3.7.RELEASE:compile kept=org.springframework:spring-expression:jar:4.3.7.RELEASE:compile
[DEBUG]     includeArtifact: artifact=org.springframework:spring-expression:jar:4.3.7.RELEASE:compile
[DEBUG]     startProcessChildren: artifact=org.springframework:spring-expression:jar:4.3.7.RELEASE:compile
[DEBUG]       testArtifact: artifact=org.springframework:spring-core:jar:4.3.7.RELEASE:compile
[DEBUG]       omitForNearer: omitted=org.springframework:spring-core:jar:4.3.7.RELEASE:compile kept=org.springframework:spring-core:jar:4.3.7.RELEASE:compile
[DEBUG]     endProcessChildren: artifact=org.springframework:spring-expression:jar:4.3.7.RELEASE:compile
[DEBUG]     testArtifact: artifact=org.springframework:spring-web:jar:4.3.7.RELEASE:compile
[DEBUG]     includeArtifact: artifact=org.springframework:spring-web:jar:4.3.7.RELEASE:compile
[DEBUG]     startProcessChildren: artifact=org.springframework:spring-web:jar:4.3.7.RELEASE:compile
[DEBUG]       testArtifact: artifact=org.springframework:spring-aop:jar:4.3.7.RELEASE:compile
[DEBUG]       omitForNearer: omitted=org.springframework:spring-aop:jar:4.3.7.RELEASE:compile kept=org.springframework:spring-aop:jar:4.3.7.RELEASE:compile
[DEBUG]       testArtifact: artifact=org.springframework:spring-beans:jar:4.3.7.RELEASE:compile
[DEBUG]       omitForNearer: omitted=org.springframework:spring-beans:jar:4.3.7.RELEASE:compile kept=org.springframework:spring-beans:jar:4.3.7.RELEASE:compile
[DEBUG]       testArtifact: artifact=org.springframework:spring-context:jar:4.3.7.RELEASE:compile
[DEBUG]       omitForNearer: omitted=org.springframework:spring-context:jar:4.3.7.RELEASE:compile kept=org.springframework:spring-context:jar:4.3.7.RELEASE:compile
[DEBUG]       testArtifact: artifact=org.springframework:spring-core:jar:4.3.7.RELEASE:compile
[DEBUG]       omitForNearer: omitted=org.springframework:spring-core:jar:4.3.7.RELEASE:compile kept=org.springframework:spring-core:jar:4.3.7.RELEASE:compile
[DEBUG]     endProcessChildren: artifact=org.springframework:spring-web:jar:4.3.7.RELEASE:compile
[DEBUG]   endProcessChildren: artifact=org.springframework:spring-webmvc:jar:4.3.7.RELEASE:compile
[DEBUG]   testArtifact: artifact=com.fasterxml.jackson.core:jackson-databind:jar:2.8.8:compile
[DEBUG]   includeArtifact: artifact=com.fasterxml.jackson.core:jackson-databind:jar:2.8.8:compile
[DEBUG]   startProcessChildren: artifact=com.fasterxml.jackson.core:jackson-databind:jar:2.8.8:compile
[DEBUG]     testArtifact: artifact=com.fasterxml.jackson.core:jackson-annotations:jar:2.8.0:compile
[DEBUG]     includeArtifact: artifact=com.fasterxml.jackson.core:jackson-annotations:jar:2.8.0:compile
[DEBUG]     startProcessChildren: artifact=com.fasterxml.jackson.core:jackson-annotations:jar:2.8.0:compile
[DEBUG]     endProcessChildren: artifact=com.fasterxml.jackson.core:jackson-annotations:jar:2.8.0:compile
[DEBUG]     testArtifact: artifact=com.fasterxml.jackson.core:jackson-core:jar:2.8.8:compile
[DEBUG]     includeArtifact: artifact=com.fasterxml.jackson.core:jackson-core:jar:2.8.8:compile
[DEBUG]     startProcessChildren: artifact=com.fasterxml.jackson.core:jackson-core:jar:2.8.8:compile
[DEBUG]     endProcessChildren: artifact=com.fasterxml.jackson.core:jackson-core:jar:2.8.8:compile
[DEBUG]   endProcessChildren: artifact=com.fasterxml.jackson.core:jackson-databind:jar:2.8.8:compile
[DEBUG]   testArtifact: artifact=org.hibernate:hibernate-validator:jar:5.4.1.Final:compile
[DEBUG]   includeArtifact: artifact=org.hibernate:hibernate-validator:jar:5.4.1.Final:compile
[DEBUG]   startProcessChildren: artifact=org.hibernate:hibernate-validator:jar:5.4.1.Final:compile
[DEBUG]     testArtifact: artifact=javax.validation:validation-api:jar:1.1.0.Final:compile
[DEBUG]     includeArtifact: artifact=javax.validation:validation-api:jar:1.1.0.Final:compile
[DEBUG]     startProcessChildren: artifact=javax.validation:validation-api:jar:1.1.0.Final:compile
[DEBUG]     endProcessChildren: artifact=javax.validation:validation-api:jar:1.1.0.Final:compile
[DEBUG]     testArtifact: artifact=org.jboss.logging:jboss-logging:jar:3.3.0.Final:compile
[DEBUG]     includeArtifact: artifact=org.jboss.logging:jboss-logging:jar:3.3.0.Final:compile
[DEBUG]     startProcessChildren: artifact=org.jboss.logging:jboss-logging:jar:3.3.0.Final:compile
[DEBUG]     endProcessChildren: artifact=org.jboss.logging:jboss-logging:jar:3.3.0.Final:compile
[DEBUG]     testArtifact: artifact=com.fasterxml:classmate:jar:1.3.1:compile
[DEBUG]     includeArtifact: artifact=com.fasterxml:classmate:jar:1.3.1:compile
[DEBUG]     startProcessChildren: artifact=com.fasterxml:classmate:jar:1.3.1:compile
[DEBUG]     endProcessChildren: artifact=com.fasterxml:classmate:jar:1.3.1:compile
[DEBUG]   endProcessChildren: artifact=org.hibernate:hibernate-validator:jar:5.4.1.Final:compile
[DEBUG]   testArtifact: artifact=org.springframework:spring-jdbc:jar:4.3.7.RELEASE:compile
[DEBUG]   includeArtifact: artifact=org.springframework:spring-jdbc:jar:4.3.7.RELEASE:compile
[DEBUG]   startProcessChildren: artifact=org.springframework:spring-jdbc:jar:4.3.7.RELEASE:compile
[DEBUG]     testArtifact: artifact=org.springframework:spring-beans:jar:4.3.7.RELEASE:compile
[DEBUG]     omitForNearer: omitted=org.springframework:spring-beans:jar:4.3.7.RELEASE:compile kept=org.springframework:spring-beans:jar:4.3.7.RELEASE:compile
[DEBUG]     testArtifact: artifact=org.springframework:spring-core:jar:4.3.7.RELEASE:compile
[DEBUG]     omitForNearer: omitted=org.springframework:spring-core:jar:4.3.7.RELEASE:compile kept=org.springframework:spring-core:jar:4.3.7.RELEASE:compile
[DEBUG]     testArtifact: artifact=org.springframework:spring-tx:jar:4.3.7.RELEASE:compile
[DEBUG]     includeArtifact: artifact=org.springframework:spring-tx:jar:4.3.7.RELEASE:compile
[DEBUG]     startProcessChildren: artifact=org.springframework:spring-tx:jar:4.3.7.RELEASE:compile
[DEBUG]       testArtifact: artifact=org.springframework:spring-beans:jar:4.3.7.RELEASE:compile
[DEBUG]       omitForNearer: omitted=org.springframework:spring-beans:jar:4.3.7.RELEASE:compile kept=org.springframework:spring-beans:jar:4.3.7.RELEASE:compile
[DEBUG]       testArtifact: artifact=org.springframework:spring-core:jar:4.3.7.RELEASE:compile
[DEBUG]       omitForNearer: omitted=org.springframework:spring-core:jar:4.3.7.RELEASE:compile kept=org.springframework:spring-core:jar:4.3.7.RELEASE:compile
[DEBUG]     endProcessChildren: artifact=org.springframework:spring-tx:jar:4.3.7.RELEASE:compile
[DEBUG]   endProcessChildren: artifact=org.springframework:spring-jdbc:jar:4.3.7.RELEASE:compile
[DEBUG]   testArtifact: artifact=org.springframework:spring-aspects:jar:4.3.7.RELEASE:compile
[DEBUG]   includeArtifact: artifact=org.springframework:spring-aspects:jar:4.3.7.RELEASE:compile
[DEBUG]   startProcessChildren: artifact=org.springframework:spring-aspects:jar:4.3.7.RELEASE:compile
[DEBUG]     testArtifact: artifact=org.aspectj:aspectjweaver:jar:1.8.9:compile
[DEBUG]     includeArtifact: artifact=org.aspectj:aspectjweaver:jar:1.8.9:compile
[DEBUG]     startProcessChildren: artifact=org.aspectj:aspectjweaver:jar:1.8.9:compile
[DEBUG]     endProcessChildren: artifact=org.aspectj:aspectjweaver:jar:1.8.9:compile
[DEBUG]   endProcessChildren: artifact=org.springframework:spring-aspects:jar:4.3.7.RELEASE:compile
[DEBUG]   testArtifact: artifact=org.mybatis:mybatis:jar:3.4.2:compile
[DEBUG]   includeArtifact: artifact=org.mybatis:mybatis:jar:3.4.2:compile
[DEBUG]   startProcessChildren: artifact=org.mybatis:mybatis:jar:3.4.2:compile
[DEBUG]   endProcessChildren: artifact=org.mybatis:mybatis:jar:3.4.2:compile
[DEBUG]   testArtifact: artifact=org.mybatis:mybatis-spring:jar:1.3.1:compile
[DEBUG]   includeArtifact: artifact=org.mybatis:mybatis-spring:jar:1.3.1:compile
[DEBUG]   startProcessChildren: artifact=org.mybatis:mybatis-spring:jar:1.3.1:compile
[DEBUG]   endProcessChildren: artifact=org.mybatis:mybatis-spring:jar:1.3.1:compile
[DEBUG]   testArtifact: artifact=c3p0:c3p0:jar:0.9.1:compile
[DEBUG]   includeArtifact: artifact=c3p0:c3p0:jar:0.9.1:compile
[DEBUG]   startProcessChildren: artifact=c3p0:c3p0:jar:0.9.1:compile
[DEBUG]   endProcessChildren: artifact=c3p0:c3p0:jar:0.9.1:compile
[DEBUG]   testArtifact: artifact=mysql:mysql-connector-java:jar:5.1.41:compile
[DEBUG]   includeArtifact: artifact=mysql:mysql-connector-java:jar:5.1.41:compile
[DEBUG]   startProcessChildren: artifact=mysql:mysql-connector-java:jar:5.1.41:compile
[DEBUG]   endProcessChildren: artifact=mysql:mysql-connector-java:jar:5.1.41:compile
[DEBUG]   testArtifact: artifact=jstl:jstl:jar:1.2:compile
[DEBUG]   includeArtifact: artifact=jstl:jstl:jar:1.2:compile
[DEBUG]   startProcessChildren: artifact=jstl:jstl:jar:1.2:compile
[DEBUG]   endProcessChildren: artifact=jstl:jstl:jar:1.2:compile
[DEBUG]   testArtifact: artifact=javax.servlet:javax.servlet-api:jar:3.0.1:provided
[DEBUG]   includeArtifact: artifact=javax.servlet:javax.servlet-api:jar:3.0.1:provided
[DEBUG]   startProcessChildren: artifact=javax.servlet:javax.servlet-api:jar:3.0.1:provided
[DEBUG]   endProcessChildren: artifact=javax.servlet:javax.servlet-api:jar:3.0.1:provided
[DEBUG]   testArtifact: artifact=junit:junit:jar:4.12:compile
[DEBUG]   includeArtifact: artifact=junit:junit:jar:4.12:compile
[DEBUG]   startProcessChildren: artifact=junit:junit:jar:4.12:compile
[DEBUG]   endProcessChildren: artifact=junit:junit:jar:4.12:compile
[DEBUG] endProcessChildren: artifact=com.atguigu:ssm-crud:war:0.0.1-SNAPSHOT
[INFO] com.atguigu:ssm-crud:war:0.0.1-SNAPSHOT
[INFO] +- com.github.pagehelper:pagehelper:jar:5.0.0:compile
[INFO] |  \- com.github.jsqlparser:jsqlparser:jar:0.9.5:compile
[INFO] +- org.springframework:spring-test:jar:4.3.7.RELEASE:test
[INFO] |  \- (org.springframework:spring-core:jar:4.3.7.RELEASE:compile - scope updated from test; omitted for duplicate)
[INFO] +- org.mybatis.generator:mybatis-generator-core:jar:1.3.5:compile
[INFO] +- org.springframework:spring-webmvc:jar:4.3.7.RELEASE:compile
[INFO] |  +- org.springframework:spring-aop:jar:4.3.7.RELEASE:compile
[INFO] |  |  +- (org.springframework:spring-beans:jar:4.3.7.RELEASE:compile - omitted for duplicate)
[INFO] |  |  \- (org.springframework:spring-core:jar:4.3.7.RELEASE:compile - omitted for duplicate)
[INFO] |  +- org.springframework:spring-beans:jar:4.3.7.RELEASE:compile
[INFO] |  |  \- (org.springframework:spring-core:jar:4.3.7.RELEASE:compile - omitted for duplicate)
[INFO] |  +- org.springframework:spring-context:jar:4.3.7.RELEASE:compile
[INFO] |  |  +- (org.springframework:spring-aop:jar:4.3.7.RELEASE:compile - omitted for duplicate)
[INFO] |  |  +- (org.springframework:spring-beans:jar:4.3.7.RELEASE:compile - omitted for duplicate)
[INFO] |  |  +- (org.springframework:spring-core:jar:4.3.7.RELEASE:compile - omitted for duplicate)
[INFO] |  |  \- (org.springframework:spring-expression:jar:4.3.7.RELEASE:compile - omitted for duplicate)
[INFO] |  +- org.springframework:spring-core:jar:4.3.7.RELEASE:compile
[INFO] |  |  \- commons-logging:commons-logging:jar:1.2:compile
[INFO] |  +- org.springframework:spring-expression:jar:4.3.7.RELEASE:compile
[INFO] |  |  \- (org.springframework:spring-core:jar:4.3.7.RELEASE:compile - omitted for duplicate)
[INFO] |  \- org.springframework:spring-web:jar:4.3.7.RELEASE:compile
[INFO] |     +- (org.springframework:spring-aop:jar:4.3.7.RELEASE:compile - omitted for duplicate)
[INFO] |     +- (org.springframework:spring-beans:jar:4.3.7.RELEASE:compile - omitted for duplicate)
[INFO] |     +- (org.springframework:spring-context:jar:4.3.7.RELEASE:compile - omitted for duplicate)
[INFO] |     \- (org.springframework:spring-core:jar:4.3.7.RELEASE:compile - omitted for duplicate)
[INFO] +- com.fasterxml.jackson.core:jackson-databind:jar:2.8.8:compile
[INFO] |  +- com.fasterxml.jackson.core:jackson-annotations:jar:2.8.0:compile
[INFO] |  \- com.fasterxml.jackson.core:jackson-core:jar:2.8.8:compile
[INFO] +- org.hibernate:hibernate-validator:jar:5.4.1.Final:compile
[INFO] |  +- javax.validation:validation-api:jar:1.1.0.Final:compile
[INFO] |  +- org.jboss.logging:jboss-logging:jar:3.3.0.Final:compile
[INFO] |  \- com.fasterxml:classmate:jar:1.3.1:compile
[INFO] +- org.springframework:spring-jdbc:jar:4.3.7.RELEASE:compile
[INFO] |  +- (org.springframework:spring-beans:jar:4.3.7.RELEASE:compile - omitted for duplicate)
[INFO] |  +- (org.springframework:spring-core:jar:4.3.7.RELEASE:compile - omitted for duplicate)
[INFO] |  \- org.springframework:spring-tx:jar:4.3.7.RELEASE:compile
[INFO] |     +- (org.springframework:spring-beans:jar:4.3.7.RELEASE:compile - omitted for duplicate)
[INFO] |     \- (org.springframework:spring-core:jar:4.3.7.RELEASE:compile - omitted for duplicate)
[INFO] +- org.springframework:spring-aspects:jar:4.3.7.RELEASE:compile
[INFO] |  \- org.aspectj:aspectjweaver:jar:1.8.9:compile
[INFO] +- org.mybatis:mybatis:jar:3.4.2:compile
[INFO] +- org.mybatis:mybatis-spring:jar:1.3.1:compile
[INFO] +- c3p0:c3p0:jar:0.9.1:compile
[INFO] +- mysql:mysql-connector-java:jar:5.1.41:compile
[INFO] +- jstl:jstl:jar:1.2:compile
[INFO] +- javax.servlet:javax.servlet-api:jar:3.0.1:provided
[INFO] \- junit:junit:jar:4.12:compile
[INFO] ------------------------------------------------------------------------
[INFO] BUILD SUCCESS
[INFO] ------------------------------------------------------------------------
[INFO] Total time: 1.377 s
[INFO] Finished at: 2018-05-29T17:18:55+08:00
[INFO] ------------------------------------------------------------------------
